#
# There is insufficient memory for the Java Runtime Environment to continue.
# Native memory allocation (malloc) failed to allocate 1048576 bytes for AllocateHeap
# Possible reasons:
#   The system is out of physical RAM or swap space
#   In 32 bit mode, the process size limit was hit
# Possible solutions:
#   Reduce memory load on the system
#   Increase physical memory or swap space
#   Check if swap backing store is full
#   Use 64 bit Java on a 64 bit OS
#   Decrease Java heap size (-Xmx/-Xms)
#   Decrease number of Java threads
#   Decrease Java thread stack sizes (-Xss)
#   Set larger code cache with -XX:ReservedCodeCacheSize=
# This output file may be truncated or incomplete.
#
#  Out of Memory Error (memory/allocation.inline.hpp:61), pid=8008, tid=9180
#
# JRE version:  (8.0_91-b15) (build )
# Java VM: Java HotSpot(TM) 64-Bit Server VM (25.91-b15 mixed mode windows-amd64 compressed oops)
# Failed to write core dump. Minidumps are not enabled by default on client versions of Windows
#

---------------  T H R E A D  ---------------

Current thread (0x0000000003835000):  JavaThread "Unknown thread" [_thread_in_vm, id=9180, stack(0x0000000003630000,0x0000000003730000)]

Stack: [0x0000000003630000,0x0000000003730000]
[error occurred during error reporting (printing stack bounds), id 0xc0000005]

Native frames: (J=compiled Java code, j=interpreted, Vv=VM code, C=native code)


---------------  P R O C E S S  ---------------

Java Threads: ( => current thread )

Other Threads:

=>0x0000000003835000 (exited) JavaThread "Unknown thread" [_thread_in_vm, id=9180, stack(0x0000000003630000,0x0000000003730000)]

VM state:not at safepoint (normal execution)

VM Mutex/Monitor currently owned by a thread: None

Heap:
 PSYoungGen      total 75776K, used 1300K [0x000000076b900000, 0x0000000770d80000, 0x00000007c0000000)
  eden space 65024K, 2% used [0x000000076b900000,0x000000076ba451f8,0x000000076f880000)
  from space 10752K, 0% used [0x0000000770300000,0x0000000770300000,0x0000000770d80000)
  to   space 10752K, 0% used [0x000000076f880000,0x000000076f880000,0x0000000770300000)
 ParOldGen       total 173568K, used 0K [0x00000006c2a00000, 0x00000006cd380000, 0x000000076b900000)
  object space 173568K, 0% used [0x00000006c2a00000,0x00000006c2a00000,0x00000006cd380000)
 Metaspace       used 783K, capacity 1092K, committed 1152K, reserved 1060864K
  class space    used 75K, capacity 384K, committed 384K, reserved 1048576K

Card table byte_map: [0x0000000012cf0000,0x00000000134e0000] byte_map_base: 0x000000000f6db000

Marking Bits: (ParMarkBitMap*) 0x0000000056532f70
 Begin Bits: [0x0000000014230000, 0x0000000018188000)
 End Bits:   [0x0000000018188000, 0x000000001c0e0000)

Polling page: 0x0000000001460000

CodeCache: size=245760Kb used=328Kb max_used=328Kb free=245431Kb
 bounds [0x0000000003930000, 0x0000000003ba0000, 0x0000000012930000]
 total_blobs=58 nmethods=0 adapters=38
 compilation: enabled

Compilation events (0 events):
No events

GC Heap History (0 events):
No events

Deoptimization events (0 events):
No events

Internal exceptions (0 events):
No events

Events (10 events):
Event: 0.048 loading class java/lang/Short
Event: 0.049 loading class java/lang/Short done
Event: 0.049 loading class java/lang/Integer
Event: 0.049 loading class java/lang/Integer done
Event: 0.049 loading class java/lang/Long
Event: 0.049 loading class java/lang/Long done
Event: 0.050 loading class java/lang/NullPointerException
Event: 0.050 loading class java/lang/NullPointerException done
Event: 0.050 loading class java/lang/ArithmeticException
Event: 0.050 loading class java/lang/ArithmeticException done


Dynamic libraries:
0x00007ff6a9990000 - 0x00007ff6a99c7000 	D:\lmc_software\environment\java-tool\java8\jdk\bin\java.exe
0x00007fff0ca90000 - 0x00007fff0cca7000 	C:\WINDOWS\SYSTEM32\ntdll.dll
0x00007fff0bda0000 - 0x00007fff0be64000 	C:\WINDOWS\System32\KERNEL32.DLL
0x00007fff09f60000 - 0x00007fff0a306000 	C:\WINDOWS\System32\KERNELBASE.dll
0x00007fff0b1d0000 - 0x00007fff0b283000 	C:\WINDOWS\System32\ADVAPI32.dll
0x00007fff0c030000 - 0x00007fff0c0d7000 	C:\WINDOWS\System32\msvcrt.dll
0x00007fff0c1c0000 - 0x00007fff0c268000 	C:\WINDOWS\System32\sechost.dll
0x00007fff0a5d0000 - 0x00007fff0a5f8000 	C:\WINDOWS\System32\bcrypt.dll
0x00007fff0c790000 - 0x00007fff0c8a7000 	C:\WINDOWS\System32\RPCRT4.dll
0x00007fff0be80000 - 0x00007fff0c02e000 	C:\WINDOWS\System32\USER32.dll
0x00007fff0a310000 - 0x00007fff0a336000 	C:\WINDOWS\System32\win32u.dll
0x00007fff0b040000 - 0x00007fff0b069000 	C:\WINDOWS\System32\GDI32.dll
0x00007fff0a340000 - 0x00007fff0a458000 	C:\WINDOWS\System32\gdi32full.dll
0x00007fff09ec0000 - 0x00007fff09f5a000 	C:\WINDOWS\System32\msvcp_win.dll
0x00007fff0a600000 - 0x00007fff0a711000 	C:\WINDOWS\System32\ucrtbase.dll
0x00007ffee6760000 - 0x00007ffee69f3000 	C:\WINDOWS\WinSxS\amd64_microsoft.windows.common-controls_6595b64144ccf1df_6.0.22621.2506_none_270c5ae97388e100\COMCTL32.dll
0x00007fff0c8b0000 - 0x00007fff0c8e1000 	C:\WINDOWS\System32\IMM32.DLL
0x00000000565c0000 - 0x0000000056692000 	D:\lmc_software\environment\java-tool\java8\jdk\jre\bin\msvcr100.dll
0x0000000055d20000 - 0x00000000565b3000 	D:\lmc_software\environment\java-tool\java8\jdk\jre\bin\server\jvm.dll
0x00007fff0be70000 - 0x00007fff0be78000 	C:\WINDOWS\System32\PSAPI.DLL
0x00007fff03df0000 - 0x00007fff03e24000 	C:\WINDOWS\SYSTEM32\WINMM.dll
0x00007ffef02b0000 - 0x00007ffef02b9000 	C:\WINDOWS\SYSTEM32\WSOCK32.dll
0x00007fff0c710000 - 0x00007fff0c781000 	C:\WINDOWS\System32\WS2_32.dll
0x00007fff025c0000 - 0x00007fff025ca000 	C:\WINDOWS\SYSTEM32\VERSION.dll
0x0000000055d10000 - 0x0000000055d1f000 	D:\lmc_software\environment\java-tool\java8\jdk\jre\bin\verify.dll
0x0000000055ce0000 - 0x0000000055d09000 	D:\lmc_software\environment\java-tool\java8\jdk\jre\bin\java.dll
0x0000000055c40000 - 0x0000000055c63000 	D:\lmc_software\environment\java-tool\java8\jdk\jre\bin\instrument.dll
0x0000000055cc0000 - 0x0000000055cd6000 	D:\lmc_software\environment\java-tool\java8\jdk\jre\bin\zip.dll

VM Arguments:
jvm_args: -XX:TieredStopAtLevel=1 -Xverify:none -Dspring.output.ansi.enabled=always -Dcom.sun.management.jmxremote -Dspring.jmx.enabled=true -Dspring.liveBeansView.mbeanDomain -Dspring.application.admin.enabled=true -Dmanagement.endpoints.jmx.exposure.include=* -javaagent:D:\lmc_software\idea\IntelliJ IDEA 2023.3.4\lib\idea_rt.jar=62064:D:\lmc_software\idea\IntelliJ IDEA 2023.3.4\bin -Dfile.encoding=UTF-8 
java_command: com.lmc.test.HelloWorldApplication
java_class_path (initial): D:\lmc_software\environment\java-tool\java8\jdk\jre\lib\charsets.jar;D:\lmc_software\environment\java-tool\java8\jdk\jre\lib\deploy.jar;D:\lmc_software\environment\java-tool\java8\jdk\jre\lib\ext\access-bridge-64.jar;D:\lmc_software\environment\java-tool\java8\jdk\jre\lib\ext\cldrdata.jar;D:\lmc_software\environment\java-tool\java8\jdk\jre\lib\ext\dnsns.jar;D:\lmc_software\environment\java-tool\java8\jdk\jre\lib\ext\jaccess.jar;D:\lmc_software\environment\java-tool\java8\jdk\jre\lib\ext\jfxrt.jar;D:\lmc_software\environment\java-tool\java8\jdk\jre\lib\ext\localedata.jar;D:\lmc_software\environment\java-tool\java8\jdk\jre\lib\ext\nashorn.jar;D:\lmc_software\environment\java-tool\java8\jdk\jre\lib\ext\sunec.jar;D:\lmc_software\environment\java-tool\java8\jdk\jre\lib\ext\sunjce_provider.jar;D:\lmc_software\environment\java-tool\java8\jdk\jre\lib\ext\sunmscapi.jar;D:\lmc_software\environment\java-tool\java8\jdk\jre\lib\ext\sunpkcs11.jar;D:\lmc_software\environment\java-tool\java8\jdk\jre\lib\ext\zipfs.jar;D:\lmc_software\environment\java-tool\java8\jdk\jre\lib\javaws.jar;D:\lmc_software\environment\java-tool\java8\jdk\jre\lib\jce.jar;D:\lmc_software\environment\java-tool\java8\jdk\jre\lib\jfr.jar;D:\lmc_software\environment\java-tool\java8\jdk\jre\lib\jfxswt.jar;D:\lmc_software\environment\java-tool\java8\jdk\jre\lib\jsse.jar;D:\lmc_software\environment\java-tool\java8\jdk\jre\lib\management-agent.jar;D:\lmc_software\environment\java-tool\java8\jdk\jre\lib\plugin.jar;D:\lmc_software\environment\java-tool\java8\jdk\jre\lib\resources.jar;D:\lmc_software\environment\java-tool\java8\jdk\jre\lib\rt.jar;D:\lmc_software\project_idea\HelloWorld\build\classes\java\main;D:\lmc_software\project_idea\HelloWorld\build\resources\main;C:\Users\华为\.gradle\caches\modules-2\files-2.1\org.springframework.boot\spring-boot-starter-web\2.6.13\4702f52dfc597c9d022a17c2b7e94a7863201511\spring-boot-starter-web-2.6.13.jar;C:\Users\华为\.gradle\caches\modules-2\files
Launcher Type: SUN_STANDARD

Environment Variables:
JAVA_HOME=D:\lmc_software\environment\java-tool\java8\jdk
CLASSPATH=.;D:\lmc_software\environment\java-tool\java8\jdk\lib;D:\lmc_software\environment\java-tool\java8\jdk\lib\tools.jar
PATH=D:\lmc_software\vmware17\bin\;C:\Windows\system32;C:\Windows;C:\Windows\System32\Wbem;C:\Windows\System32\WindowsPowerShell\v1.0\;C:\Windows\System32\OpenSSH\;C:\Program Files (x86)\NVIDIA Corporation\PhysX\Common;C:\Program Files\NVIDIA Corporation\NVIDIA NvDLISR;C:\WINDOWS\system32;C:\WINDOWS;C:\WINDOWS\System32\Wbem;C:\WINDOWS\System32\WindowsPowerShell\v1.0\;C:\WINDOWS\System32\OpenSSH\;C:\Program Files (x86)\HKBToken\dftx;d:\software_u8\admin;C:\Users\华为\AppData\Local\Programs\Python\Python38\Scripts\;C:\Users\华为\AppData\Local\Programs\Python\Python38\;C:\Users\华为\AppData\Local\Microsoft\WindowsApps;D:\lmc_software\environment\java-tool\java8\jdk\bin;D:\lmc_software\environment\java-tool\java8\jdk\jre\bin;
USERNAME=华为
OS=Windows_NT
PROCESSOR_IDENTIFIER=Intel64 Family 6 Model 142 Stepping 12, GenuineIntel



---------------  S Y S T E M  ---------------

OS: Windows 10.0 , 64 bit Build 22621 (10.0.22621.3085)

CPU:total 8 (4 cores per cpu, 2 threads per core) family 6 model 142 stepping 12, cmov, cx8, fxsr, mmx, sse, sse2, sse3, ssse3, sse4.1, sse4.2, popcnt, avx, avx2, aes, clmul, erms, 3dnowpref, lzcnt, ht, tsc, tscinvbit, bmi1, bmi2, adx

Memory: 4k page, physical 16601588k(332484k free), swap 26323912k(6804k free)

vm_info: Java HotSpot(TM) 64-Bit Server VM (25.91-b15) for windows-amd64 JRE (1.8.0_91-b15), built on May 20 2016 17:43:15 by "java_re" with MS VC++ 10.0 (VS2010)

time: Mon Mar 11 20:17:19 2024
elapsed time: 0 seconds (0d 0h 0m 0s)

